# JRE version: OpenJDK Runtime Environment Temurin-21.0.12.1+1 (21.0.12.1+1) (build 21.0.12.1+1-LTS)
# Java VM: OpenJDK 64-Bit Server VM Temurin-21.0.12.1+1 (21.0.12.1+1-LTS, mixed mode, sharing, tiered, compressed oops, compressed class ptrs, parallel gc, windows-amd64)
GC Precious Log:
 CardTable entry size: 512
 CPUs: 4 total, 4 available
 Memory: 8148M
 Large Page Support: Disabled
 NUMA Support: Disabled
 Compressed Oops: Enabled (Zero based)
 Alignments: Space 512K, Generation 512K, Heap 2M
 Heap Min Capacity: 100M
 Heap Initial Capacity: 100M
 Heap Max Capacity: 8G
 Pre-touch: Disabled
 Parallel Workers: 4
Heap:
 PSYoungGen      total 4608K, used 0K [0x0000000755580000, 0x0000000755b80000, 0x0000000800000000)
  eden space 4096K, 0% used [0x0000000755580000,0x0000000755580000,0x0000000755980000)
  from space 512K, 0% used [0x0000000755980000,0x0000000755980000,0x0000000755a00000)
  to   space 512K, 0% used [0x0000000755b00000,0x0000000755b00000,0x0000000755b80000)
 ParOldGen       total 90624K, used 60509K [0x0000000600000000, 0x0000000755580000, 0x0000000755580000)
  object space 90624K, 66% used [0x0000000600000000,0x0000000603b177f8,0x0000000605880000)
 Metaspace       used 71448K, committed 72832K, reserved 1114112K
  class space    used 7297K, committed 7872K, reserved 1048576K
GC Heap History (20 events):
Event: 1474.359 GC heap before
{Heap before GC invocations=96 (full 4):
 PSYoungGen      total 4608K, used 4496K [0x0000000755580000, 0x0000000755c80000, 0x0000000800000000)
  eden space 3072K, 100% used [0x0000000755580000,0x0000000755880000,0x0000000755880000)
  from space 1536K, 92% used [0x0000000755880000,0x00000007559e4020,0x0000000755a00000)
  to   space 2048K, 0% used [0x0000000755a80000,0x0000000755a80000,0x0000000755c80000)
 ParOldGen       total 105984K, used 59169K [0x0000000600000000, 0x0000000606780000, 0x0000000755580000)
  object space 105984K, 55% used [0x0000000600000000,0x00000006039c86d8,0x0000000606780000)
 Metaspace       used 71360K, committed 72768K, reserved 1114112K
  class space    used 7297K, committed 7872K, reserved 1048576K
}
Event: 1474.364 GC heap after
{Heap after GC invocations=96 (full 4):
 PSYoungGen      total 4608K, used 1488K [0x0000000755580000, 0x0000000755c00000, 0x0000000800000000)
  eden space 3072K, 0% used [0x0000000755580000,0x0000000755580000,0x0000000755880000)
  from space 1536K, 96% used [0x0000000755a80000,0x0000000755bf4010,0x0000000755c00000)
  to   space 1536K, 0% used [0x0000000755880000,0x0000000755880000,0x0000000755a00000)
 ParOldGen       total 105984K, used 60473K [0x0000000600000000, 0x0000000606780000, 0x0000000755580000)
  object space 105984K, 57% used [0x0000000600000000,0x0000000603b0e6f0,0x0000000606780000)
 Metaspace       used 71360K, committed 72768K, reserved 1114112K
  class space    used 7297K, committed 7872K, reserved 1048576K
}
Event: 1474.455 GC heap before
{Heap before GC invocations=97 (full 4):
 PSYoungGen      total 4608K, used 4560K [0x0000000755580000, 0x0000000755c00000, 0x0000000800000000)
  eden space 3072K, 100% used [0x0000000755580000,0x0000000755880000,0x0000000755880000)
  from space 1536K, 96% used [0x0000000755a80000,0x0000000755bf4010,0x0000000755c00000)
  to   space 1536K, 0% used [0x0000000755880000,0x0000000755880000,0x0000000755a00000)
 ParOldGen       total 105984K, used 60473K [0x0000000600000000, 0x0000000606780000, 0x0000000755580000)
  object space 105984K, 57% used [0x0000000600000000,0x0000000603b0e6f0,0x0000000606780000)
 Metaspace       used 71375K, committed 72768K, reserved 1114112K
  class space    used 7297K, committed 7872K, reserved 1048576K
}
Event: 1474.460 GC heap after
{Heap after GC invocations=97 (full 4):
 PSYoungGen      total 4608K, used 1168K [0x0000000755580000, 0x0000000755b80000, 0x0000000800000000)
  eden space 3072K, 0% used [0x0000000755580000,0x0000000755580000,0x0000000755880000)
  from space 1536K, 76% used [0x0000000755880000,0x00000007559a4020,0x0000000755a00000)
  to   space 1536K, 0% used [0x0000000755a00000,0x0000000755a00000,0x0000000755b80000)
 ParOldGen       total 105984K, used 61878K [0x0000000600000000, 0x0000000606780000, 0x0000000755580000)
  object space 105984K, 58% used [0x0000000600000000,0x0000000603c6dbb0,0x0000000606780000)
 Metaspace       used 71375K, committed 72768K, reserved 1114112K
  class space    used 7297K, committed 7872K, reserved 1048576K
}
Event: 1474.509 GC heap before
{Heap before GC invocations=98 (full 4):
 PSYoungGen      total 4608K, used 4235K [0x0000000755580000, 0x0000000755b80000, 0x0000000800000000)
  eden space 3072K, 99% used [0x0000000755580000,0x000000075587ef28,0x0000000755880000)
  from space 1536K, 76% used [0x0000000755880000,0x00000007559a4020,0x0000000755a00000)
  to   space 1536K, 0% used [0x0000000755a00000,0x0000000755a00000,0x0000000755b80000)
 ParOldGen       total 105984K, used 61878K [0x0000000600000000, 0x0000000606780000, 0x0000000755580000)
  object space 105984K, 58% used [0x0000000600000000,0x0000000603c6dbb0,0x0000000606780000)
 Metaspace       used 71403K, committed 72768K, reserved 1114112K
  class space    used 7297K, committed 7872K, reserved 1048576K
}
Event: 1474.512 GC heap after
{Heap after GC invocations=98 (full 4):
 PSYoungGen      total 4096K, used 656K [0x0000000755580000, 0x0000000755b00000, 0x0000000800000000)
  eden space 3072K, 0% used [0x0000000755580000,0x0000000755580000,0x0000000755880000)
  from space 1024K, 64% used [0x0000000755a00000,0x0000000755aa4010,0x0000000755b00000)
  to   space 1024K, 0% used [0x0000000755900000,0x0000000755900000,0x0000000755a00000)
 ParOldGen       total 105984K, used 62895K [0x0000000600000000, 0x0000000606780000, 0x0000000755580000)
  object space 105984K, 59% used [0x0000000600000000,0x0000000603d6be58,0x0000000606780000)
 Metaspace       used 71403K, committed 72768K, reserved 1114112K
  class space    used 7297K, committed 7872K, reserved 1048576K
}
Event: 1474.538 GC heap before
{Heap before GC invocations=99 (full 4):
 PSYoungGen      total 4096K, used 3728K [0x0000000755580000, 0x0000000755b00000, 0x0000000800000000)
  eden space 3072K, 100% used [0x0000000755580000,0x0000000755880000,0x0000000755880000)
  from space 1024K, 64% used [0x0000000755a00000,0x0000000755aa4010,0x0000000755b00000)
  to   space 1024K, 0% used [0x0000000755900000,0x0000000755900000,0x0000000755a00000)
 ParOldGen       total 105984K, used 62895K [0x0000000600000000, 0x0000000606780000, 0x0000000755580000)
  object space 105984K, 59% used [0x0000000600000000,0x0000000603d6be58,0x0000000606780000)
 Metaspace       used 71408K, committed 72768K, reserved 1114112K
  class space    used 7297K, committed 7872K, reserved 1048576K
}
Event: 1474.541 GC heap after
{Heap after GC invocations=99 (full 4):
 PSYoungGen      total 4096K, used 853K [0x0000000755580000, 0x0000000755a80000, 0x0000000800000000)
  eden space 3072K, 0% used [0x0000000755580000,0x0000000755580000,0x0000000755880000)
  from space 1024K, 83% used [0x0000000755900000,0x00000007559d5708,0x0000000755a00000)
  to   space 512K, 0% used [0x0000000755a00000,0x0000000755a00000,0x0000000755a80000)
 ParOldGen       total 105984K, used 63196K [0x0000000600000000, 0x0000000606780000, 0x0000000755580000)
  object space 105984K, 59% used [0x0000000600000000,0x0000000603db70f8,0x0000000606780000)
 Metaspace       used 71408K, committed 72768K, reserved 1114112K
  class space    used 7297K, committed 7872K, reserved 1048576K
}
Event: 1474.582 GC heap before
{Heap before GC invocations=100 (full 4):
 PSYoungGen      total 4096K, used 3925K [0x0000000755580000, 0x0000000755a80000, 0x0000000800000000)
  eden space 3072K, 100% used [0x0000000755580000,0x0000000755880000,0x0000000755880000)
  from space 1024K, 83% used [0x0000000755900000,0x00000007559d5708,0x0000000755a00000)
  to   space 512K, 0% used [0x0000000755a00000,0x0000000755a00000,0x0000000755a80000)
 ParOldGen       total 105984K, used 63196K [0x0000000600000000, 0x0000000606780000, 0x0000000755580000)
  object space 105984K, 59% used [0x0000000600000000,0x0000000603db70f8,0x0000000606780000)
 Metaspace       used 71416K, committed 72768K, reserved 1114112K
  class space    used 7297K, committed 7872K, reserved 1048576K
}
Event: 1474.584 GC heap after
{Heap after GC invocations=100 (full 4):
 PSYoungGen      total 3584K, used 432K [0x0000000755580000, 0x0000000755a80000, 0x0000000800000000)
  eden space 3072K, 0% used [0x0000000755580000,0x0000000755580000,0x0000000755880000)
  from space 512K, 84% used [0x0000000755a00000,0x0000000755a6c010,0x0000000755a80000)
  to   space 1024K, 0% used [0x0000000755880000,0x0000000755880000,0x0000000755980000)
 ParOldGen       total 105984K, used 63536K [0x0000000600000000, 0x0000000606780000, 0x0000000755580000)
  object space 105984K, 59% used [0x0000000600000000,0x0000000603e0c260,0x0000000606780000)
 Metaspace       used 71416K, committed 72768K, reserved 1114112K
  class space    used 7297K, committed 7872K, reserved 1048576K
}
Event: 1474.619 GC heap before
{Heap before GC invocations=101 (full 4):
 PSYoungGen      total 3584K, used 3504K [0x0000000755580000, 0x0000000755a80000, 0x0000000800000000)
  eden space 3072K, 100% used [0x0000000755580000,0x0000000755880000,0x0000000755880000)
  from space 512K, 84% used [0x0000000755a00000,0x0000000755a6c010,0x0000000755a80000)
  to   space 1024K, 0% used [0x0000000755880000,0x0000000755880000,0x0000000755980000)
 ParOldGen       total 105984K, used 63536K [0x0000000600000000, 0x0000000606780000, 0x0000000755580000)
  object space 105984K, 59% used [0x0000000600000000,0x0000000603e0c260,0x0000000606780000)
 Metaspace       used 71416K, committed 72768K, reserved 1114112K
  class space    used 7297K, committed 7872K, reserved 1048576K
}
Event: 1474.621 GC heap after
{Heap after GC invocations=101 (full 4):
 PSYoungGen      total 4096K, used 1008K [0x0000000755580000, 0x0000000755c80000, 0x0000000800000000)
  eden space 3072K, 0% used [0x0000000755580000,0x0000000755580000,0x0000000755880000)
  from space 1024K, 98% used [0x0000000755880000,0x000000075597c010,0x0000000755980000)
  to   space 2048K, 0% used [0x0000000755a80000,0x0000000755a80000,0x0000000755c80000)
 ParOldGen       total 105984K, used 63914K [0x0000000600000000, 0x0000000606780000, 0x0000000755580000)
  object space 105984K, 60% used [0x0000000600000000,0x0000000603e6a9a0,0x0000000606780000)
 Metaspace       used 71416K, committed 72768K, reserved 1114112K
  class space    used 7297K, committed 7872K, reserved 1048576K
}
Event: 1474.654 GC heap before
{Heap before GC invocations=102 (full 4):
 PSYoungGen      total 4096K, used 4080K [0x0000000755580000, 0x0000000755c80000, 0x0000000800000000)
  eden space 3072K, 100% used [0x0000000755580000,0x0000000755880000,0x0000000755880000)
  from space 1024K, 98% used [0x0000000755880000,0x000000075597c010,0x0000000755980000)
  to   space 2048K, 0% used [0x0000000755a80000,0x0000000755a80000,0x0000000755c80000)
 ParOldGen       total 105984K, used 63914K [0x0000000600000000, 0x0000000606780000, 0x0000000755580000)
  object space 105984K, 60% used [0x0000000600000000,0x0000000603e6a9a0,0x0000000606780000)
 Metaspace       used 71443K, committed 72832K, reserved 1114112K
  class space    used 7297K, committed 7872K, reserved 1048576K
}
Event: 1474.657 GC heap after
{Heap after GC invocations=102 (full 4):
 PSYoungGen      total 4608K, used 1280K [0x0000000755580000, 0x0000000755c00000, 0x0000000800000000)
  eden space 3072K, 0% used [0x0000000755580000,0x0000000755580000,0x0000000755880000)
  from space 1536K, 83% used [0x0000000755a80000,0x0000000755bc0020,0x0000000755c00000)
  to   space 1536K, 0% used [0x0000000755900000,0x0000000755900000,0x0000000755a80000)
 ParOldGen       total 105984K, used 64754K [0x0000000600000000, 0x0000000606780000, 0x0000000755580000)
  object space 105984K, 61% used [0x0000000600000000,0x0000000603f3c8b0,0x0000000606780000)
 Metaspace       used 71443K, committed 72832K, reserved 1114112K
  class space    used 7297K, committed 7872K, reserved 1048576K
}
Event: 1476.668 GC heap before
{Heap before GC invocations=103 (full 4):
 PSYoungGen      total 4608K, used 4352K [0x0000000755580000, 0x0000000755c00000, 0x0000000800000000)
  eden space 3072K, 100% used [0x0000000755580000,0x0000000755880000,0x0000000755880000)
  from space 1536K, 83% used [0x0000000755a80000,0x0000000755bc0020,0x0000000755c00000)
  to   space 1536K, 0% used [0x0000000755900000,0x0000000755900000,0x0000000755a80000)
 ParOldGen       total 105984K, used 64754K [0x0000000600000000, 0x0000000606780000, 0x0000000755580000)
  object space 105984K, 61% used [0x0000000600000000,0x0000000603f3c8b0,0x0000000606780000)
 Metaspace       used 71448K, committed 72832K, reserved 1114112K
  class space    used 7297K, committed 7872K, reserved 1048576K
}
Event: 1476.670 GC heap after
{Heap after GC invocations=103 (full 4):
 PSYoungGen      total 4096K, used 655K [0x0000000755580000, 0x0000000755b00000, 0x0000000800000000)
  eden space 3072K, 0% used [0x0000000755580000,0x0000000755580000,0x0000000755880000)
  from space 1024K, 64% used [0x0000000755900000,0x00000007559a3e90,0x0000000755a00000)
  to   space 1024K, 0% used [0x0000000755a00000,0x0000000755a00000,0x0000000755b00000)
 ParOldGen       total 105984K, used 65962K [0x0000000600000000, 0x0000000606780000, 0x0000000755580000)
  object space 105984K, 62% used [0x0000000600000000,0x000000060406a9e0,0x0000000606780000)
 Metaspace       used 71448K, committed 72832K, reserved 1114112K
  class space    used 7297K, committed 7872K, reserved 1048576K
}
Event: 1476.670 GC heap before
{Heap before GC invocations=104 (full 4):
 PSYoungGen      total 4096K, used 655K [0x0000000755580000, 0x0000000755b00000, 0x0000000800000000)
  eden space 3072K, 0% used [0x0000000755580000,0x0000000755580000,0x0000000755880000)
  from space 1024K, 64% used [0x0000000755900000,0x00000007559a3e90,0x0000000755a00000)
  to   space 1024K, 0% used [0x0000000755a00000,0x0000000755a00000,0x0000000755b00000)
 ParOldGen       total 105984K, used 65962K [0x0000000600000000, 0x0000000606780000, 0x0000000755580000)
  object space 105984K, 62% used [0x0000000600000000,0x000000060406a9e0,0x0000000606780000)
 Metaspace       used 71448K, committed 72832K, reserved 1114112K
  class space    used 7297K, committed 7872K, reserved 1048576K
}
Event: 1476.671 GC heap after
{Heap after GC invocations=104 (full 4):
 PSYoungGen      total 4608K, used 0K [0x0000000755580000, 0x0000000755a80000, 0x0000000800000000)
  eden space 4096K, 0% used [0x0000000755580000,0x0000000755580000,0x0000000755980000)
  from space 512K, 0% used [0x0000000755a00000,0x0000000755a00000,0x0000000755a80000)
  to   space 512K, 0% used [0x0000000755980000,0x0000000755980000,0x0000000755a00000)
 ParOldGen       total 105984K, used 66580K [0x0000000600000000, 0x0000000606780000, 0x0000000755580000)
  object space 105984K, 62% used [0x0000000600000000,0x0000000604105320,0x0000000606780000)
 Metaspace       used 71448K, committed 72832K, reserved 1114112K
  class space    used 7297K, committed 7872K, reserved 1048576K
}
Event: 1476.672 GC heap before
{Heap before GC invocations=105 (full 5):
 PSYoungGen      total 4608K, used 0K [0x0000000755580000, 0x0000000755a80000, 0x0000000800000000)
  eden space 4096K, 0% used [0x0000000755580000,0x0000000755580000,0x0000000755980000)
  from space 512K, 0% used [0x0000000755a00000,0x0000000755a00000,0x0000000755a80000)
  to   space 512K, 0% used [0x0000000755980000,0x0000000755980000,0x0000000755a00000)
 ParOldGen       total 105984K, used 66580K [0x0000000600000000, 0x0000000606780000, 0x0000000755580000)
  object space 105984K, 62% used [0x0000000600000000,0x0000000604105320,0x0000000606780000)
 Metaspace       used 71448K, committed 72832K, reserved 1114112K
  class space    used 7297K, committed 7872K, reserved 1048576K
}
Event: 1476.796 GC heap after
{Heap after GC invocations=105 (full 5):
 PSYoungGen      total 4608K, used 0K [0x0000000755580000, 0x0000000755b80000, 0x0000000800000000)
  eden space 4096K, 0% used [0x0000000755580000,0x0000000755580000,0x0000000755980000)
  from space 512K, 0% used [0x0000000755980000,0x0000000755980000,0x0000000755a00000)
  to   space 512K, 0% used [0x0000000755b00000,0x0000000755b00000,0x0000000755b80000)
 ParOldGen       total 90624K, used 60509K [0x0000000600000000, 0x0000000605880000, 0x0000000755580000)
  object space 90624K, 66% used [0x0000000600000000,0x0000000603b177f8,0x0000000605880000)
 Metaspace       used 71448K, committed 72832K, reserved 1114112K
  class space    used 7297K, committed 7872K, reserved 1048576K
}

